<?xml version="1.0" encoding="UTF-8"?>
<!-- Generated by org.testng.reporters.JUnitXMLReporter -->
<testsuite hostname="WINCTRL-8U8H7JG" ignored="0" name="Default test" tests="1" failures="0" timestamp="21 May 2018 15:03:06 GMT" time="20.984" errors="0">
  <testcase name="@BeforeClass initialize" time="20.314" classname="automateWin.Excel">
    <failure type="java.lang.IllegalStateException" message="The process has not exited yet therefore no result is available ...">
      <![CDATA[java.lang.IllegalStateException: The process has not exited yet therefore no result is available ...at org.apache.commons.exec.DefaultExecuteResultHandler.getException(DefaultExecuteResultHandler.java:76)at org.openqa.selenium.os.UnixProcess.checkForError(UnixProcess.java:171)at org.openqa.selenium.os.CommandLine.checkForError(CommandLine.java:185)at org.openqa.selenium.remote.service.DriverService.waitUntilAvailable(DriverService.java:177)at org.openqa.selenium.remote.service.DriverService.start(DriverService.java:166)at automateWin.Reusable.invokeApplication(Reusable.java:56)at automateWin.Excel.initialize(Excel.java:15)at sun.reflect.NativeMethodAccessorImpl.invoke0(Native Method)at sun.reflect.NativeMethodAccessorImpl.invoke(NativeMethodAccessorImpl.java:62)at sun.reflect.DelegatingMethodAccessorImpl.invoke(DelegatingMethodAccessorImpl.java:43)at java.lang.reflect.Method.invoke(Method.java:498)at org.testng.internal.MethodInvocationHelper.invokeMethod(MethodInvocationHelper.java:124)at org.testng.internal.MethodInvocationHelper.invokeMethodConsideringTimeout(MethodInvocationHelper.java:59)at org.testng.internal.Invoker.invokeConfigurationMethod(Invoker.java:451)at org.testng.internal.Invoker.invokeConfigurations(Invoker.java:222)at org.testng.internal.Invoker.invokeConfigurations(Invoker.java:142)at org.testng.internal.TestMethodWorker.invokeBeforeClassMethods(TestMethodWorker.java:163)at org.testng.internal.TestMethodWorker.run(TestMethodWorker.java:105)at org.testng.TestRunner.privateRun(TestRunner.java:648)at org.testng.TestRunner.run(TestRunner.java:505)at org.testng.SuiteRunner.runTest(SuiteRunner.java:455)at org.testng.SuiteRunner.runSequentially(SuiteRunner.java:450)at org.testng.SuiteRunner.privateRun(SuiteRunner.java:415)at org.testng.SuiteRunner.run(SuiteRunner.java:364)at org.testng.SuiteRunnerWorker.runSuite(SuiteRunnerWorker.java:52)at org.testng.SuiteRunnerWorker.run(SuiteRunnerWorker.java:84)at org.testng.TestNG.runSuitesSequentially(TestNG.java:1187)at org.testng.TestNG.runSuitesLocally(TestNG.java:1116)at org.testng.TestNG.runSuites(TestNG.java:1028)at org.testng.TestNG.run(TestNG.java:996)at org.testng.remote.AbstractRemoteTestNG.run(AbstractRemoteTestNG.java:114)at org.testng.remote.RemoteTestNG.initAndRun(RemoteTestNG.java:251)at org.testng.remote.RemoteTestNG.main(RemoteTestNG.java:77)]]>
    </failure>
  </testcase> <!-- @BeforeClass initialize -->
  <testcase name="initiate" time="0.0" classname="automateWin.Excel">
    <skipped/>
  </testcase> <!-- initiate -->
</testsuite> <!-- Default test -->
